[0.213s] Invoking command in '/home/shipengl/LRSMT/agiletaur/build/firstcontroller': CMAKE_PREFIX_PATH=/opt/ros/foxy /usr/bin/cmake --build /home/shipengl/LRSMT/agiletaur/build/firstcontroller -- -j16 -l16
[0.243s] [35m[1mScanning dependencies of target firstcontroller[0m
[0.266s] [ 50%] [32mBuilding CXX object CMakeFiles/firstcontroller.dir/src/firstcontroller.cpp.o[0m
[1.592s] [01m[K/home/shipengl/LRSMT/agiletaur/src/agiletaur_controller/firstcontroller/src/firstcontroller.cpp:[m[K In member function â€˜[01m[Kvirtual void firstcontroller::firstcontroller::step()[m[Kâ€™:
[1.592s] [01m[K/home/shipengl/LRSMT/agiletaur/src/agiletaur_controller/firstcontroller/src/firstcontroller.cpp:15:4:[m[K [01;31m[Kerror: [m[Kâ€˜[01m[Ki[m[Kâ€™ was not declared in this scope
[1.593s]    15 |    [01;31m[Ki[m[K += 1;
[1.593s]       |    [01;31m[K^[m[K
[2.264s] make[2]: *** [CMakeFiles/firstcontroller.dir/build.make:63: CMakeFiles/firstcontroller.dir/src/firstcontroller.cpp.o] Error 1
[2.265s] make[1]: *** [CMakeFiles/Makefile2:78: CMakeFiles/firstcontroller.dir/all] Error 2
[2.265s] make: *** [Makefile:141: all] Error 2
[2.267s] Invoked command in '/home/shipengl/LRSMT/agiletaur/build/firstcontroller' returned '2': CMAKE_PREFIX_PATH=/opt/ros/foxy /usr/bin/cmake --build /home/shipengl/LRSMT/agiletaur/build/firstcontroller -- -j16 -l16
