[0.012s] Invoking command in '/home/shipengl/LRSMT/agiletaur/build/agiletaur_controller': CMAKE_PREFIX_PATH=/opt/ros/foxy /usr/bin/cmake --build /home/shipengl/LRSMT/agiletaur/build/agiletaur_controller -- -j16 -l16
[0.042s] [35m[1mScanning dependencies of target agiletaur_controller[0m
[0.064s] [ 16%] [32mBuilding CXX object CMakeFiles/agiletaur_controller.dir/src/proxy/lowerproxy.cpp.o[0m
[0.923s] [01m[K/home/shipengl/LRSMT/agiletaur/src/agiletaur_controller/src/proxy/lowerproxy.cpp:16:49:[m[K [01;31m[Kerror: [m[Kreturn type specification for constructor invalid
[0.924s]    16 |     void lowerproxy::lowerproxy(std::string name[01;31m[K)[m[K : Node(name){
[0.924s]       |                                                 [01;31m[K^[m[K
[0.925s] [01m[K/home/shipengl/LRSMT/agiletaur/src/agiletaur_controller/src/proxy/lowerproxy.cpp:[m[K In constructor â€˜[01m[Kagiletaur::control::lowerproxy::lowerproxy(std::string)[m[Kâ€™:
[0.926s] [01m[K/home/shipengl/LRSMT/agiletaur/src/agiletaur_controller/src/proxy/lowerproxy.cpp:25:73:[m[K [01;31m[Kerror: [m[Kâ€˜[01m[Kpublish[m[Kâ€™ is not a member of â€˜[01m[Kagiletaur::control::lowerproxy[m[Kâ€™
[0.926s]    25 |         _timer = this->create_wall_timer(period, std::bind(&lowerproxy::[01;31m[Kpublish[m[K, this));
[0.926s]       |                                                                         [01;31m[K^~~~~~~[m[K
[1.331s] make[2]: *** [CMakeFiles/agiletaur_controller.dir/build.make:102: CMakeFiles/agiletaur_controller.dir/src/proxy/lowerproxy.cpp.o] Error 1
[1.331s] make[1]: *** [CMakeFiles/Makefile2:78: CMakeFiles/agiletaur_controller.dir/all] Error 2
[1.331s] make: *** [Makefile:141: all] Error 2
[1.335s] Invoked command in '/home/shipengl/LRSMT/agiletaur/build/agiletaur_controller' returned '2': CMAKE_PREFIX_PATH=/opt/ros/foxy /usr/bin/cmake --build /home/shipengl/LRSMT/agiletaur/build/agiletaur_controller -- -j16 -l16
