[0.199s] Invoking command in '/home/shipengl/LRSMT/agiletaur/build/firstcontroller': CMAKE_PREFIX_PATH=/opt/ros/foxy /usr/bin/cmake --build /home/shipengl/LRSMT/agiletaur/build/firstcontroller -- -j16 -l16
[0.217s] -- Found ament_cmake: 0.9.9 (/opt/ros/foxy/share/ament_cmake/cmake)
[0.233s] -- Using PYTHON_EXECUTABLE: /usr/bin/python3
[0.388s] -- Found rclcpp: 2.4.0 (/opt/ros/foxy/share/rclcpp/cmake)
[0.439s] -- Using all available rosidl_typesupport_c: rosidl_typesupport_fastrtps_c;rosidl_typesupport_introspection_c
[0.444s] -- Found rosidl_adapter: 1.2.1 (/opt/ros/foxy/share/rosidl_adapter/cmake)
[0.492s] -- Found OpenSSL: /usr/lib/x86_64-linux-gnu/libcrypto.so (found version "1.1.1f")  
[0.512s] -- Found FastRTPS: /opt/ros/foxy/include  
[0.568s] -- Using all available rosidl_typesupport_cpp: rosidl_typesupport_fastrtps_cpp;rosidl_typesupport_introspection_cpp
[0.624s] -- Found rmw_implementation_cmake: 1.0.3 (/opt/ros/foxy/share/rmw_implementation_cmake/cmake)
[0.625s] -- Using RMW implementation 'rmw_fastrtps_cpp' as default
[0.626s] -- Looking for pthread.h
[0.676s] -- Looking for pthread.h - found
[0.676s] -- Performing Test CMAKE_HAVE_LIBC_PTHREAD
[0.727s] -- Performing Test CMAKE_HAVE_LIBC_PTHREAD - Failed
[0.727s] -- Looking for pthread_create in pthreads
[0.768s] -- Looking for pthread_create in pthreads - not found
[0.768s] -- Looking for pthread_create in pthread
[0.823s] -- Looking for pthread_create in pthread - found
[0.824s] -- Found Threads: TRUE  
[0.966s] -- Found pluginlib: 2.5.3 (/opt/ros/foxy/share/pluginlib/cmake)
[0.986s] -- Found webots_ros2_driver: 1.1.1 (/opt/ros/foxy/share/webots_ros2_driver/cmake)
[1.821s] -- Configuring done
[1.839s] -- Generating done
[1.840s] -- Build files have been written to: /home/shipengl/LRSMT/agiletaur/build/firstcontroller
[1.856s] [35m[1mScanning dependencies of target firstcontroller[0m
[1.913s] [ 50%] [32mBuilding CXX object CMakeFiles/firstcontroller.dir/src/firstcontroller.cpp.o[0m
[2.960s] [01m[K/home/shipengl/LRSMT/agiletaur/src/agiletaur_controller/firstcontroller/src/firstcontroller.cpp:[m[K In member function â€˜[01m[Kvirtual void firstcontroller::firstcontroller::step()[m[Kâ€™:
[2.960s] [01m[K/home/shipengl/LRSMT/agiletaur/src/agiletaur_controller/firstcontroller/src/firstcontroller.cpp:16:4:[m[K [01;31m[Kerror: [m[Kâ€˜[01m[Ki[m[Kâ€™ was not declared in this scope
[2.960s]    16 |    [01;31m[Ki[m[K += 1;
[2.960s]       |    [01;31m[K^[m[K
[2.960s] [01m[K/home/shipengl/LRSMT/agiletaur/src/agiletaur_controller/firstcontroller/src/firstcontroller.cpp:17:18:[m[K [01;31m[Kerror: [m[Kexpected â€˜[01m[K;[m[Kâ€™ before â€˜[01m[K}[m[Kâ€™ token
[2.961s]    17 |    printf("step")
[2.961s]       |                  [01;31m[K^[m[K
[2.961s]       |                  [32m[K;[m[K
[2.961s]    18 |   [32m[K}[m[K
[2.961s]       |   [32m[K~[m[K               
[3.606s] make[2]: *** [CMakeFiles/firstcontroller.dir/build.make:63: CMakeFiles/firstcontroller.dir/src/firstcontroller.cpp.o] Error 1
[3.606s] make[1]: *** [CMakeFiles/Makefile2:78: CMakeFiles/firstcontroller.dir/all] Error 2
[3.607s] make: *** [Makefile:141: all] Error 2
[3.609s] Invoked command in '/home/shipengl/LRSMT/agiletaur/build/firstcontroller' returned '2': CMAKE_PREFIX_PATH=/opt/ros/foxy /usr/bin/cmake --build /home/shipengl/LRSMT/agiletaur/build/firstcontroller -- -j16 -l16
