[0.012s] Invoking command in '/home/shipengl/LRSMT/agiletaur/build/agiletaur_controller': CMAKE_PREFIX_PATH=${CMAKE_PREFIX_PATH}:/opt/ros/foxy /usr/bin/cmake --build /home/shipengl/LRSMT/agiletaur/build/agiletaur_controller -- -j16 -l16
[0.043s] [35m[1mScanning dependencies of target agiletaur_controller[0m
[0.068s] [ 16%] [32mBuilding CXX object CMakeFiles/agiletaur_controller.dir/src/main.cpp.o[0m
[1.287s] [01m[K/home/shipengl/LRSMT/agiletaur/src/agiletaur_controller/src/main.cpp:[m[K In function â€˜[01m[Kint main(int, char**)[m[Kâ€™:
[1.287s] [01m[K/home/shipengl/LRSMT/agiletaur/src/agiletaur_controller/src/main.cpp:23:2:[m[K [01;31m[Kerror: [m[Kâ€˜[01m[Klowerproxy[m[Kâ€™ was not declared in this scope; did you mean â€˜[01m[Kagiletaur::control::lowerproxy[m[Kâ€™?
[1.288s]    23 |  [01;31m[Klowerproxy[m[K &Lower_proxy = lowerproxy::GetLowerProxy();
[1.288s]       |  [01;31m[K^~~~~~~~~~[m[K
[1.288s]       |  [32m[Kagiletaur::control::lowerproxy[m[K
[1.288s] In file included from [01m[K/home/shipengl/LRSMT/agiletaur/src/agiletaur_controller/include/main.h:15[m[K,
[1.288s]                  from [01m[K/home/shipengl/LRSMT/agiletaur/src/agiletaur_controller/src/main.cpp:9[m[K:
[1.288s] [01m[K/home/shipengl/LRSMT/agiletaur/src/agiletaur_controller/include/proxy/lowerproxy.h:23:7:[m[K [01;36m[Knote: [m[Kâ€˜[01m[Kagiletaur::control::lowerproxy[m[Kâ€™ declared here
[1.288s]    23 | class [01;36m[Klowerproxy[m[K:public rclcpp::Node{
[1.288s]       |       [01;36m[K^~~~~~~~~~[m[K
[1.290s] [01m[K/home/shipengl/LRSMT/agiletaur/src/agiletaur_controller/src/main.cpp:23:14:[m[K [01;31m[Kerror: [m[Kâ€˜[01m[KLower_proxy[m[Kâ€™ was not declared in this scope
[1.290s]    23 |  lowerproxy &[01;31m[KLower_proxy[m[K = lowerproxy::GetLowerProxy();
[1.290s]       |              [01;31m[K^~~~~~~~~~~[m[K
[1.290s] [01m[K/home/shipengl/LRSMT/agiletaur/src/agiletaur_controller/src/main.cpp:23:28:[m[K [01;31m[Kerror: [m[Kâ€˜[01m[Klowerproxy[m[Kâ€™ is not a class, namespace, or enumeration
[1.290s]    23 |  lowerproxy &Lower_proxy = [01;31m[Klowerproxy[m[K::GetLowerProxy();
[1.290s]       |                            [01;31m[K^~~~~~~~~~[m[K
[1.647s] In file included from [01m[K/home/shipengl/LRSMT/agiletaur/src/agiletaur_controller/src/main.cpp:9[m[K:
[1.647s] [01m[K/home/shipengl/LRSMT/agiletaur/src/agiletaur_controller/include/main.h:[m[K At global scope:
[1.648s] [01m[K/home/shipengl/LRSMT/agiletaur/src/agiletaur_controller/include/main.h:43:14:[m[K [01;35m[Kwarning: [m[Kâ€˜[01m[Ktimer[m[Kâ€™ defined but not used [[01;35m[K-Wunused-variable[m[K]
[1.648s]    43 | static float [01;35m[Ktimer[m[K[10] = { 0 };
[1.648s]       |              [01;35m[K^~~~~[m[K
[1.648s] [01m[K/home/shipengl/LRSMT/agiletaur/src/agiletaur_controller/include/main.h:41:12:[m[K [01;35m[Kwarning: [m[Kâ€˜[01m[Kinit_done[m[Kâ€™ defined but not used [[01;35m[K-Wunused-variable[m[K]
[1.648s]    41 | static int [01;35m[Kinit_done[m[K = 0;
[1.648s]       |            [01;35m[K^~~~~~~~~[m[K
[1.648s] [01m[K/home/shipengl/LRSMT/agiletaur/src/agiletaur_controller/include/main.h:40:14:[m[K [01;35m[Kwarning: [m[Kâ€˜[01m[Kinit_cnt[m[Kâ€™ defined but not used [[01;35m[K-Wunused-variable[m[K]
[1.648s]    40 | static float [01;35m[Kinit_cnt[m[K = 0;
[1.648s]       |              [01;35m[K^~~~~~~~[m[K
[1.659s] make[2]: *** [CMakeFiles/agiletaur_controller.dir/build.make:63: CMakeFiles/agiletaur_controller.dir/src/main.cpp.o] Error 1
[1.660s] make[1]: *** [CMakeFiles/Makefile2:78: CMakeFiles/agiletaur_controller.dir/all] Error 2
[1.660s] make: *** [Makefile:141: all] Error 2
[1.663s] Invoked command in '/home/shipengl/LRSMT/agiletaur/build/agiletaur_controller' returned '2': CMAKE_PREFIX_PATH=${CMAKE_PREFIX_PATH}:/opt/ros/foxy /usr/bin/cmake --build /home/shipengl/LRSMT/agiletaur/build/agiletaur_controller -- -j16 -l16
