[01m[K/home/shipengl/LRSMT/agiletaur/src/agiletaur_controller/src/proxy/lowerproxy.cpp:[m[K In constructor â€˜[01m[Kagiletaur::control::lowerproxy::lowerproxy(std::string)[m[Kâ€™:
[01m[K/home/shipengl/LRSMT/agiletaur/src/agiletaur_controller/src/proxy/lowerproxy.cpp:22:5:[m[K [01;31m[Kerror: [m[Kâ€˜[01m[Kjoint0_velocity_controller[m[Kâ€™ was not declared in this scope
   22 |     [01;31m[Kjoint0_velocity_controller[m[K = this->create_publisher<std_msgs::msg::Float64MultiArray>
      |     [01;31m[K^~~~~~~~~~~~~~~~~~~~~~~~~~[m[K
[01m[K/home/shipengl/LRSMT/agiletaur/src/agiletaur_controller/src/proxy/lowerproxy.cpp:24:5:[m[K [01;31m[Kerror: [m[Kâ€˜[01m[Kjoint1_velocity_controller[m[Kâ€™ was not declared in this scope
   24 |     [01;31m[Kjoint1_velocity_controller[m[K = this->create_publisher<std_msgs::msg::Float64MultiArray>
      |     [01;31m[K^~~~~~~~~~~~~~~~~~~~~~~~~~[m[K
[01m[K/home/shipengl/LRSMT/agiletaur/src/agiletaur_controller/src/proxy/lowerproxy.cpp:26:5:[m[K [01;31m[Kerror: [m[Kâ€˜[01m[Kjoint2_velocity_controller[m[Kâ€™ was not declared in this scope
   26 |     [01;31m[Kjoint2_velocity_controller[m[K = this->create_publisher<std_msgs::msg::Float64MultiArray>
      |     [01;31m[K^~~~~~~~~~~~~~~~~~~~~~~~~~[m[K
[01m[K/home/shipengl/LRSMT/agiletaur/src/agiletaur_controller/src/proxy/lowerproxy.cpp:28:5:[m[K [01;31m[Kerror: [m[Kâ€˜[01m[Kjoint3_velocity_controller[m[Kâ€™ was not declared in this scope
   28 |     [01;31m[Kjoint3_velocity_controller[m[K = this->create_publisher<std_msgs::msg::Float64MultiArray>
      |     [01;31m[K^~~~~~~~~~~~~~~~~~~~~~~~~~[m[K
[01m[K/home/shipengl/LRSMT/agiletaur/src/agiletaur_controller/src/proxy/lowerproxy.cpp:30:5:[m[K [01;31m[Kerror: [m[Kâ€˜[01m[Kjoint4_velocity_controller[m[Kâ€™ was not declared in this scope
   30 |     [01;31m[Kjoint4_velocity_controller[m[K = this->create_publisher<std_msgs::msg::Float64MultiArray>
      |     [01;31m[K^~~~~~~~~~~~~~~~~~~~~~~~~~[m[K
[01m[K/home/shipengl/LRSMT/agiletaur/src/agiletaur_controller/src/proxy/lowerproxy.cpp:32:5:[m[K [01;31m[Kerror: [m[Kâ€˜[01m[Kjoint5_velocity_controller[m[Kâ€™ was not declared in this scope
   32 |     [01;31m[Kjoint5_velocity_controller[m[K = this->create_publisher<std_msgs::msg::Float64MultiArray>
      |     [01;31m[K^~~~~~~~~~~~~~~~~~~~~~~~~~[m[K
[01m[K/home/shipengl/LRSMT/agiletaur/src/agiletaur_controller/src/proxy/lowerproxy.cpp:34:5:[m[K [01;31m[Kerror: [m[Kâ€˜[01m[Kjoint6_velocity_controller[m[Kâ€™ was not declared in this scope
   34 |     [01;31m[Kjoint6_velocity_controller[m[K = this->create_publisher<std_msgs::msg::Float64MultiArray>
      |     [01;31m[K^~~~~~~~~~~~~~~~~~~~~~~~~~[m[K
[01m[K/home/shipengl/LRSMT/agiletaur/src/agiletaur_controller/src/proxy/lowerproxy.cpp:36:5:[m[K [01;31m[Kerror: [m[Kâ€˜[01m[Kjoint7_velocity_controller[m[Kâ€™ was not declared in this scope
   36 |     [01;31m[Kjoint7_velocity_controller[m[K = this->create_publisher<std_msgs::msg::Float64MultiArray>
      |     [01;31m[K^~~~~~~~~~~~~~~~~~~~~~~~~~[m[K
[01m[K/home/shipengl/LRSMT/agiletaur/src/agiletaur_controller/src/proxy/lowerproxy.cpp:38:5:[m[K [01;31m[Kerror: [m[Kâ€˜[01m[Kjoint8_velocity_controller[m[Kâ€™ was not declared in this scope
   38 |     [01;31m[Kjoint8_velocity_controller[m[K = this->create_publisher<std_msgs::msg::Float64MultiArray>
      |     [01;31m[K^~~~~~~~~~~~~~~~~~~~~~~~~~[m[K
[01m[K/home/shipengl/LRSMT/agiletaur/src/agiletaur_controller/src/proxy/lowerproxy.cpp:40:5:[m[K [01;31m[Kerror: [m[Kâ€˜[01m[Kjoint9_velocity_controller[m[Kâ€™ was not declared in this scope
   40 |     [01;31m[Kjoint9_velocity_controller[m[K = this->create_publisher<std_msgs::msg::Float64MultiArray>
      |     [01;31m[K^~~~~~~~~~~~~~~~~~~~~~~~~~[m[K
[01m[K/home/shipengl/LRSMT/agiletaur/src/agiletaur_controller/src/proxy/lowerproxy.cpp:42:5:[m[K [01;31m[Kerror: [m[Kâ€˜[01m[Kjoint10_velocity_controller[m[Kâ€™ was not declared in this scope
   42 |     [01;31m[Kjoint10_velocity_controller[m[K = this->create_publisher<std_msgs::msg::Float64MultiArray>
      |     [01;31m[K^~~~~~~~~~~~~~~~~~~~~~~~~~~[m[K
[01m[K/home/shipengl/LRSMT/agiletaur/src/agiletaur_controller/src/proxy/lowerproxy.cpp:44:5:[m[K [01;31m[Kerror: [m[Kâ€˜[01m[Kjoint11_velocity_controller[m[Kâ€™ was not declared in this scope
   44 |     [01;31m[Kjoint11_velocity_controller[m[K = this->create_publisher<std_msgs::msg::Float64MultiArray>
      |     [01;31m[K^~~~~~~~~~~~~~~~~~~~~~~~~~~[m[K
make[2]: *** [CMakeFiles/agiletaur_controller.dir/build.make:102: CMakeFiles/agiletaur_controller.dir/src/proxy/lowerproxy.cpp.o] Error 1
make[2]: *** Waiting for unfinished jobs....
In file included from [01m[K/home/shipengl/LRSMT/agiletaur/src/agiletaur_controller/src/main.cpp:9[m[K:
[01m[K/home/shipengl/LRSMT/agiletaur/src/agiletaur_controller/include/main.h:43:14:[m[K [01;35m[Kwarning: [m[Kâ€˜[01m[Ktimer[m[Kâ€™ defined but not used [[01;35m[K-Wunused-variable[m[K]
   43 | static float [01;35m[Ktimer[m[K[10] = { 0 };
      |              [01;35m[K^~~~~[m[K
[01m[K/home/shipengl/LRSMT/agiletaur/src/agiletaur_controller/include/main.h:41:12:[m[K [01;35m[Kwarning: [m[Kâ€˜[01m[Kinit_done[m[Kâ€™ defined but not used [[01;35m[K-Wunused-variable[m[K]
   41 | static int [01;35m[Kinit_done[m[K = 0;
      |            [01;35m[K^~~~~~~~~[m[K
[01m[K/home/shipengl/LRSMT/agiletaur/src/agiletaur_controller/include/main.h:40:14:[m[K [01;35m[Kwarning: [m[Kâ€˜[01m[Kinit_cnt[m[Kâ€™ defined but not used [[01;35m[K-Wunused-variable[m[K]
   40 | static float [01;35m[Kinit_cnt[m[K = 0;
      |              [01;35m[K^~~~~~~~[m[K
make[1]: *** [CMakeFiles/Makefile2:78: CMakeFiles/agiletaur_controller.dir/all] Error 2
make: *** [Makefile:141: all] Error 2
