[0.057s] Invoking command in '/home/shipengl/LRSMT/build/agiletaur_controller': CMAKE_PREFIX_PATH=${CMAKE_PREFIX_PATH}:/opt/ros/foxy /usr/bin/cmake /home/shipengl/LRSMT/agiletaur/src/agiletaur_controller -DCMAKE_INSTALL_PREFIX=/home/shipengl/LRSMT/install/agiletaur_controller
[0.133s] -- The C compiler identification is GNU 9.3.0
[0.217s] -- The CXX compiler identification is GNU 9.3.0
[0.226s] -- Check for working C compiler: /usr/bin/cc
[0.321s] -- Check for working C compiler: /usr/bin/cc -- works
[0.323s] -- Detecting C compiler ABI info
[0.424s] -- Detecting C compiler ABI info - done
[0.441s] -- Detecting C compile features
[0.441s] -- Detecting C compile features - done
[0.445s] -- Check for working CXX compiler: /usr/bin/c++
[0.575s] -- Check for working CXX compiler: /usr/bin/c++ -- works
[0.580s] -- Detecting CXX compiler ABI info
[0.920s] -- Detecting CXX compiler ABI info - done
[0.977s] -- Detecting CXX compile features
[0.978s] -- Detecting CXX compile features - done
[0.985s] -- Found ament_cmake: 0.9.9 (/opt/ros/foxy/share/ament_cmake/cmake)
[1.122s] -- Found PythonInterp: /usr/bin/python3 (found suitable version "3.8.10", minimum required is "3") 
[1.123s] -- Using PYTHON_EXECUTABLE: /usr/bin/python3
[1.585s] -- Found rclcpp: 2.4.0 (/opt/ros/foxy/share/rclcpp/cmake)
[1.727s] -- Using all available rosidl_typesupport_c: rosidl_typesupport_fastrtps_c;rosidl_typesupport_introspection_c
[1.744s] -- Found rosidl_adapter: 1.2.1 (/opt/ros/foxy/share/rosidl_adapter/cmake)
[1.956s] -- Found OpenSSL: /usr/lib/x86_64-linux-gnu/libcrypto.so (found version "1.1.1f")  
[2.005s] -- Found FastRTPS: /opt/ros/foxy/include  
[2.138s] -- Using all available rosidl_typesupport_cpp: rosidl_typesupport_fastrtps_cpp;rosidl_typesupport_introspection_cpp
[2.241s] -- Found rmw_implementation_cmake: 1.0.3 (/opt/ros/foxy/share/rmw_implementation_cmake/cmake)
[2.243s] -- Using RMW implementation 'rmw_fastrtps_cpp' as default
[2.244s] -- Looking for pthread.h
[2.349s] -- Looking for pthread.h - found
[2.349s] -- Performing Test CMAKE_HAVE_LIBC_PTHREAD
[2.437s] -- Performing Test CMAKE_HAVE_LIBC_PTHREAD - Failed
[2.437s] -- Looking for pthread_create in pthreads
[2.510s] -- Looking for pthread_create in pthreads - not found
[2.510s] -- Looking for pthread_create in pthread
[2.592s] -- Looking for pthread_create in pthread - found
[2.594s] -- Found Threads: TRUE  
[3.131s] -- Configuring done
[3.145s] -- Generating done
[3.148s] -- Build files have been written to: /home/shipengl/LRSMT/build/agiletaur_controller
[3.166s] Invoked command in '/home/shipengl/LRSMT/build/agiletaur_controller' returned '0': CMAKE_PREFIX_PATH=${CMAKE_PREFIX_PATH}:/opt/ros/foxy /usr/bin/cmake /home/shipengl/LRSMT/agiletaur/src/agiletaur_controller -DCMAKE_INSTALL_PREFIX=/home/shipengl/LRSMT/install/agiletaur_controller
[3.168s] Invoking command in '/home/shipengl/LRSMT/build/agiletaur_controller': CMAKE_PREFIX_PATH=${CMAKE_PREFIX_PATH}:/opt/ros/foxy /usr/bin/cmake --build /home/shipengl/LRSMT/build/agiletaur_controller -- -j16 -l16
[3.229s] [35m[1mScanning dependencies of target agiletaur_controller[0m
[3.338s] [ 16%] [32mBuilding CXX object CMakeFiles/agiletaur_controller.dir/src/proxy/upperproxy.cpp.o[0m
[3.338s] [ 33%] [32mBuilding CXX object CMakeFiles/agiletaur_controller.dir/src/main.cpp.o[0m
[3.338s] [ 66%] [32mBuilding CXX object CMakeFiles/agiletaur_controller.dir/src/controller/controller_monitor.cpp.o[0m
[3.339s] [ 66%] [32mBuilding CXX object CMakeFiles/agiletaur_controller.dir/src/proxy/lowerproxy.cpp.o[0m
[3.352s] [ 83%] [32mBuilding CXX object CMakeFiles/agiletaur_controller.dir/src/controller/pid_controller.cpp.o[0m
[4.869s] [01m[K/home/shipengl/LRSMT/agiletaur/src/agiletaur_controller/src/proxy/lowerproxy.cpp:[m[K In constructor â€˜[01m[Kagiletaur::control::lowerproxy::lowerproxy(std::string)[m[Kâ€™:
[4.870s] [01m[K/home/shipengl/LRSMT/agiletaur/src/agiletaur_controller/src/proxy/lowerproxy.cpp:22:5:[m[K [01;31m[Kerror: [m[Kâ€˜[01m[Kjoint0_velocity_controller[m[Kâ€™ was not declared in this scope
[4.870s]    22 |     [01;31m[Kjoint0_velocity_controller[m[K = this->create_publisher<std_msgs::msg::Float64MultiArray>
[4.870s]       |     [01;31m[K^~~~~~~~~~~~~~~~~~~~~~~~~~[m[K
[4.878s] [01m[K/home/shipengl/LRSMT/agiletaur/src/agiletaur_controller/src/proxy/lowerproxy.cpp:24:5:[m[K [01;31m[Kerror: [m[Kâ€˜[01m[Kjoint1_velocity_controller[m[Kâ€™ was not declared in this scope
[4.878s]    24 |     [01;31m[Kjoint1_velocity_controller[m[K = this->create_publisher<std_msgs::msg::Float64MultiArray>
[4.878s]       |     [01;31m[K^~~~~~~~~~~~~~~~~~~~~~~~~~[m[K
[4.885s] [01m[K/home/shipengl/LRSMT/agiletaur/src/agiletaur_controller/src/proxy/lowerproxy.cpp:26:5:[m[K [01;31m[Kerror: [m[Kâ€˜[01m[Kjoint2_velocity_controller[m[Kâ€™ was not declared in this scope
[4.886s]    26 |     [01;31m[Kjoint2_velocity_controller[m[K = this->create_publisher<std_msgs::msg::Float64MultiArray>
[4.886s]       |     [01;31m[K^~~~~~~~~~~~~~~~~~~~~~~~~~[m[K
[4.893s] [01m[K/home/shipengl/LRSMT/agiletaur/src/agiletaur_controller/src/proxy/lowerproxy.cpp:28:5:[m[K [01;31m[Kerror: [m[Kâ€˜[01m[Kjoint3_velocity_controller[m[Kâ€™ was not declared in this scope
[4.893s]    28 |     [01;31m[Kjoint3_velocity_controller[m[K = this->create_publisher<std_msgs::msg::Float64MultiArray>
[4.893s]       |     [01;31m[K^~~~~~~~~~~~~~~~~~~~~~~~~~[m[K
[4.903s] [01m[K/home/shipengl/LRSMT/agiletaur/src/agiletaur_controller/src/proxy/lowerproxy.cpp:30:5:[m[K [01;31m[Kerror: [m[Kâ€˜[01m[Kjoint4_velocity_controller[m[Kâ€™ was not declared in this scope
[4.903s]    30 |     [01;31m[Kjoint4_velocity_controller[m[K = this->create_publisher<std_msgs::msg::Float64MultiArray>
[4.903s]       |     [01;31m[K^~~~~~~~~~~~~~~~~~~~~~~~~~[m[K
[4.913s] [01m[K/home/shipengl/LRSMT/agiletaur/src/agiletaur_controller/src/proxy/lowerproxy.cpp:32:5:[m[K [01;31m[Kerror: [m[Kâ€˜[01m[Kjoint5_velocity_controller[m[Kâ€™ was not declared in this scope
[4.913s]    32 |     [01;31m[Kjoint5_velocity_controller[m[K = this->create_publisher<std_msgs::msg::Float64MultiArray>
[4.913s]       |     [01;31m[K^~~~~~~~~~~~~~~~~~~~~~~~~~[m[K
[4.923s] [01m[K/home/shipengl/LRSMT/agiletaur/src/agiletaur_controller/src/proxy/lowerproxy.cpp:34:5:[m[K [01;31m[Kerror: [m[Kâ€˜[01m[Kjoint6_velocity_controller[m[Kâ€™ was not declared in this scope
[4.923s]    34 |     [01;31m[Kjoint6_velocity_controller[m[K = this->create_publisher<std_msgs::msg::Float64MultiArray>
[4.923s]       |     [01;31m[K^~~~~~~~~~~~~~~~~~~~~~~~~~[m[K
[4.933s] [01m[K/home/shipengl/LRSMT/agiletaur/src/agiletaur_controller/src/proxy/lowerproxy.cpp:36:5:[m[K [01;31m[Kerror: [m[Kâ€˜[01m[Kjoint7_velocity_controller[m[Kâ€™ was not declared in this scope
[4.934s]    36 |     [01;31m[Kjoint7_velocity_controller[m[K = this->create_publisher<std_msgs::msg::Float64MultiArray>
[4.934s]       |     [01;31m[K^~~~~~~~~~~~~~~~~~~~~~~~~~[m[K
[4.943s] [01m[K/home/shipengl/LRSMT/agiletaur/src/agiletaur_controller/src/proxy/lowerproxy.cpp:38:5:[m[K [01;31m[Kerror: [m[Kâ€˜[01m[Kjoint8_velocity_controller[m[Kâ€™ was not declared in this scope
[4.943s]    38 |     [01;31m[Kjoint8_velocity_controller[m[K = this->create_publisher<std_msgs::msg::Float64MultiArray>
[4.944s]       |     [01;31m[K^~~~~~~~~~~~~~~~~~~~~~~~~~[m[K
[4.952s] [01m[K/home/shipengl/LRSMT/agiletaur/src/agiletaur_controller/src/proxy/lowerproxy.cpp:40:5:[m[K [01;31m[Kerror: [m[Kâ€˜[01m[Kjoint9_velocity_controller[m[Kâ€™ was not declared in this scope
[4.952s]    40 |     [01;31m[Kjoint9_velocity_controller[m[K = this->create_publisher<std_msgs::msg::Float64MultiArray>
[4.952s]       |     [01;31m[K^~~~~~~~~~~~~~~~~~~~~~~~~~[m[K
[4.962s] [01m[K/home/shipengl/LRSMT/agiletaur/src/agiletaur_controller/src/proxy/lowerproxy.cpp:42:5:[m[K [01;31m[Kerror: [m[Kâ€˜[01m[Kjoint10_velocity_controller[m[Kâ€™ was not declared in this scope
[4.962s]    42 |     [01;31m[Kjoint10_velocity_controller[m[K = this->create_publisher<std_msgs::msg::Float64MultiArray>
[4.962s]       |     [01;31m[K^~~~~~~~~~~~~~~~~~~~~~~~~~~[m[K
[4.972s] [01m[K/home/shipengl/LRSMT/agiletaur/src/agiletaur_controller/src/proxy/lowerproxy.cpp:44:5:[m[K [01;31m[Kerror: [m[Kâ€˜[01m[Kjoint11_velocity_controller[m[Kâ€™ was not declared in this scope
[4.972s]    44 |     [01;31m[Kjoint11_velocity_controller[m[K = this->create_publisher<std_msgs::msg::Float64MultiArray>
[4.972s]       |     [01;31m[K^~~~~~~~~~~~~~~~~~~~~~~~~~~[m[K
[6.203s] make[2]: *** [CMakeFiles/agiletaur_controller.dir/build.make:102: CMakeFiles/agiletaur_controller.dir/src/proxy/lowerproxy.cpp.o] Error 1
[6.203s] make[2]: *** Waiting for unfinished jobs....
[6.836s] In file included from [01m[K/home/shipengl/LRSMT/agiletaur/src/agiletaur_controller/src/main.cpp:9[m[K:
[6.836s] [01m[K/home/shipengl/LRSMT/agiletaur/src/agiletaur_controller/include/main.h:43:14:[m[K [01;35m[Kwarning: [m[Kâ€˜[01m[Ktimer[m[Kâ€™ defined but not used [[01;35m[K-Wunused-variable[m[K]
[6.836s]    43 | static float [01;35m[Ktimer[m[K[10] = { 0 };
[6.836s]       |              [01;35m[K^~~~~[m[K
[6.836s] [01m[K/home/shipengl/LRSMT/agiletaur/src/agiletaur_controller/include/main.h:41:12:[m[K [01;35m[Kwarning: [m[Kâ€˜[01m[Kinit_done[m[Kâ€™ defined but not used [[01;35m[K-Wunused-variable[m[K]
[6.837s]    41 | static int [01;35m[Kinit_done[m[K = 0;
[6.837s]       |            [01;35m[K^~~~~~~~~[m[K
[6.837s] [01m[K/home/shipengl/LRSMT/agiletaur/src/agiletaur_controller/include/main.h:40:14:[m[K [01;35m[Kwarning: [m[Kâ€˜[01m[Kinit_cnt[m[Kâ€™ defined but not used [[01;35m[K-Wunused-variable[m[K]
[6.837s]    40 | static float [01;35m[Kinit_cnt[m[K = 0;
[6.837s]       |              [01;35m[K^~~~~~~~[m[K
[6.948s] make[1]: *** [CMakeFiles/Makefile2:78: CMakeFiles/agiletaur_controller.dir/all] Error 2
[6.948s] make: *** [Makefile:141: all] Error 2
[6.951s] Invoked command in '/home/shipengl/LRSMT/build/agiletaur_controller' returned '2': CMAKE_PREFIX_PATH=${CMAKE_PREFIX_PATH}:/opt/ros/foxy /usr/bin/cmake --build /home/shipengl/LRSMT/build/agiletaur_controller -- -j16 -l16
