[0.012s] Invoking command in '/home/shipengl/LRSMT/agiletaur/build/agiletaur_controller': CMAKE_PREFIX_PATH=${CMAKE_PREFIX_PATH}:/opt/ros/foxy /usr/bin/cmake --build /home/shipengl/LRSMT/agiletaur/build/agiletaur_controller -- -j16 -l16
[0.046s] [35m[1mScanning dependencies of target agiletaur_controller[0m
[0.093s] [ 16%] [32mBuilding CXX object CMakeFiles/agiletaur_controller.dir/src/main.cpp.o[0m
[0.093s] [ 33%] [32mBuilding CXX object CMakeFiles/agiletaur_controller.dir/src/proxy/lowerproxy.cpp.o[0m
[1.453s] [01m[K/home/shipengl/LRSMT/agiletaur/src/agiletaur_controller/src/main.cpp:[m[K In function â€˜[01m[Kint main(int, char**)[m[Kâ€™:
[1.454s] [01m[K/home/shipengl/LRSMT/agiletaur/src/agiletaur_controller/src/main.cpp:29:2:[m[K [01;31m[Kerror: [m[Kâ€˜[01m[KUpper_proxy[m[Kâ€™ was not declared in this scope; did you mean â€˜[01m[KUpper_proxy_[m[Kâ€™?
[1.454s]    29 |  [01;31m[KUpper_proxy[m[K.Init();
[1.454s]       |  [01;31m[K^~~~~~~~~~~[m[K
[1.454s]       |  [32m[KUpper_proxy_[m[K
[1.455s] [01m[K/home/shipengl/LRSMT/agiletaur/src/agiletaur_controller/src/main.cpp:32:15:[m[K [01;31m[Kerror: [m[Kâ€˜[01m[Knode[m[Kâ€™ was not declared in this scope
[1.455s]    32 |  rclcpp::spin([01;31m[Knode[m[K);
[1.455s]       |               [01;31m[K^~~~[m[K
[1.455s] [01m[K/home/shipengl/LRSMT/agiletaur/src/agiletaur_controller/src/main.cpp:23:14:[m[K [01;35m[Kwarning: [m[Kunused variable â€˜[01m[KUpper_proxy_[m[Kâ€™ [[01;35m[K-Wunused-variable[m[K]
[1.455s]    23 |  upperproxy &[01;35m[KUpper_proxy_[m[K = upperproxy::GetUpperProxy();
[1.456s]       |              [01;35m[K^~~~~~~~~~~~[m[K
[1.846s] In file included from [01m[K/home/shipengl/LRSMT/agiletaur/src/agiletaur_controller/src/main.cpp:9[m[K:
[1.846s] [01m[K/home/shipengl/LRSMT/agiletaur/src/agiletaur_controller/include/main.h:[m[K At global scope:
[1.846s] [01m[K/home/shipengl/LRSMT/agiletaur/src/agiletaur_controller/include/main.h:43:14:[m[K [01;35m[Kwarning: [m[Kâ€˜[01m[Ktimer[m[Kâ€™ defined but not used [[01;35m[K-Wunused-variable[m[K]
[1.846s]    43 | static float [01;35m[Ktimer[m[K[10] = { 0 };
[1.846s]       |              [01;35m[K^~~~~[m[K
[1.846s] [01m[K/home/shipengl/LRSMT/agiletaur/src/agiletaur_controller/include/main.h:41:12:[m[K [01;35m[Kwarning: [m[Kâ€˜[01m[Kinit_done[m[Kâ€™ defined but not used [[01;35m[K-Wunused-variable[m[K]
[1.847s]    41 | static int [01;35m[Kinit_done[m[K = 0;
[1.847s]       |            [01;35m[K^~~~~~~~~[m[K
[1.847s] [01m[K/home/shipengl/LRSMT/agiletaur/src/agiletaur_controller/include/main.h:40:14:[m[K [01;35m[Kwarning: [m[Kâ€˜[01m[Kinit_cnt[m[Kâ€™ defined but not used [[01;35m[K-Wunused-variable[m[K]
[1.847s]    40 | static float [01;35m[Kinit_cnt[m[K = 0;
[1.847s]       |              [01;35m[K^~~~~~~~[m[K
[1.858s] make[2]: *** [CMakeFiles/agiletaur_controller.dir/build.make:63: CMakeFiles/agiletaur_controller.dir/src/main.cpp.o] Error 1
[1.858s] make[2]: *** Waiting for unfinished jobs....
[2.210s] make[1]: *** [CMakeFiles/Makefile2:78: CMakeFiles/agiletaur_controller.dir/all] Error 2
[2.210s] make: *** [Makefile:141: all] Error 2
[2.212s] Invoked command in '/home/shipengl/LRSMT/agiletaur/build/agiletaur_controller' returned '2': CMAKE_PREFIX_PATH=${CMAKE_PREFIX_PATH}:/opt/ros/foxy /usr/bin/cmake --build /home/shipengl/LRSMT/agiletaur/build/agiletaur_controller -- -j16 -l16
