[0.011s] Invoking command in '/home/shipengl/LRSMT/agiletaur/build/agiletaur_controller': CMAKE_PREFIX_PATH=/opt/ros/foxy /usr/bin/cmake --build /home/shipengl/LRSMT/agiletaur/build/agiletaur_controller -- -j16 -l16
[0.040s] [35m[1mScanning dependencies of target agiletaur_controller[0m
[0.062s] [ 16%] [32mBuilding CXX object CMakeFiles/agiletaur_controller.dir/src/proxy/lowerproxy.cpp.o[0m
[0.926s] [01m[K/home/shipengl/LRSMT/agiletaur/src/agiletaur_controller/src/proxy/lowerproxy.cpp:16:49:[m[K [01;31m[Kerror: [m[Kreturn type specification for constructor invalid
[0.926s]    16 |     void lowerproxy::lowerproxy(std::string name[01;31m[K)[m[K : Node(name){
[0.926s]       |                                                 [01;31m[K^[m[K
[0.928s] [01m[K/home/shipengl/LRSMT/agiletaur/src/agiletaur_controller/src/proxy/lowerproxy.cpp:[m[K In constructor â€˜[01m[Kagiletaur::control::lowerproxy::lowerproxy(std::string)[m[Kâ€™:
[0.928s] [01m[K/home/shipengl/LRSMT/agiletaur/src/agiletaur_controller/src/proxy/lowerproxy.cpp:19:9:[m[K [01;31m[Kerror: [m[Kâ€˜[01m[Kcreate[m[Kâ€™ was not declared in this scope
[0.928s]    19 |         [01;31m[Kcreate[m[K a low level command publisher
[0.928s]       |         [01;31m[K^~~~~~[m[K
[0.929s] [01m[K/home/shipengl/LRSMT/agiletaur/src/agiletaur_controller/src/proxy/lowerproxy.cpp:25:61:[m[K [01;31m[Kerror: [m[Kâ€˜[01m[KSimplePublisherNode[m[Kâ€™ has not been declared
[0.929s]    25 |         _timer = this->create_wall_timer(period, std::bind(&[01;31m[KSimplePublisherNode[m[K::publish, this));
[0.929s]       |                                                             [01;31m[K^~~~~~~~~~~~~~~~~~~[m[K
[1.229s] make[2]: *** [CMakeFiles/agiletaur_controller.dir/build.make:102: CMakeFiles/agiletaur_controller.dir/src/proxy/lowerproxy.cpp.o] Error 1
[1.229s] make[1]: *** [CMakeFiles/Makefile2:78: CMakeFiles/agiletaur_controller.dir/all] Error 2
[1.230s] make: *** [Makefile:141: all] Error 2
[1.233s] Invoked command in '/home/shipengl/LRSMT/agiletaur/build/agiletaur_controller' returned '2': CMAKE_PREFIX_PATH=/opt/ros/foxy /usr/bin/cmake --build /home/shipengl/LRSMT/agiletaur/build/agiletaur_controller -- -j16 -l16
