[35m[1mScanning dependencies of target agiletaur_controller[0m
[ 16%] [32mBuilding CXX object CMakeFiles/agiletaur_controller.dir/src/main.cpp.o[0m
[ 33%] [32mBuilding CXX object CMakeFiles/agiletaur_controller.dir/src/proxy/lowerproxy.cpp.o[0m
[01m[K/home/shipengl/LRSMT/agiletaur/src/agiletaur_controller/src/proxy/lowerproxy.cpp:[m[K In constructor â€˜[01m[Kagiletaur::control::lowerproxy::lowerproxy(std::string)[m[Kâ€™:
[01m[K/home/shipengl/LRSMT/agiletaur/src/agiletaur_controller/src/proxy/lowerproxy.cpp:22:5:[m[K [01;31m[Kerror: [m[Kâ€˜[01m[Kjoint0_position_publisher[m[Kâ€™ was not declared in this scope; did you mean â€˜[01m[Kjoint0_velocity_publisher[m[Kâ€™?
   22 |     [01;31m[Kjoint0_position_publisher[m[K = this->create_publisher<std_msgs::msg::Float64MultiArray>
      |     [01;31m[K^~~~~~~~~~~~~~~~~~~~~~~~~[m[K
      |     [32m[Kjoint0_velocity_publisher[m[K
[01m[K/home/shipengl/LRSMT/agiletaur/src/agiletaur_controller/src/proxy/lowerproxy.cpp:24:5:[m[K [01;31m[Kerror: [m[Kâ€˜[01m[Kjoint1_position_publisher[m[Kâ€™ was not declared in this scope; did you mean â€˜[01m[Kjoint1_velocity_publisher[m[Kâ€™?
   24 |     [01;31m[Kjoint1_position_publisher[m[K = this->create_publisher<std_msgs::msg::Float64MultiArray>
      |     [01;31m[K^~~~~~~~~~~~~~~~~~~~~~~~~[m[K
      |     [32m[Kjoint1_velocity_publisher[m[K
[01m[K/home/shipengl/LRSMT/agiletaur/src/agiletaur_controller/src/proxy/lowerproxy.cpp:[m[K In member function â€˜[01m[Kvoid agiletaur::control::lowerproxy::PublishControlCommand()[m[Kâ€™:
[01m[K/home/shipengl/LRSMT/agiletaur/src/agiletaur_controller/src/proxy/lowerproxy.cpp:64:5:[m[K [01;31m[Kerror: [m[Kâ€˜[01m[Kjoint0_position_publisher[m[Kâ€™ was not declared in this scope; did you mean â€˜[01m[Kjoint0_velocity_publisher[m[Kâ€™?
   64 |     [01;31m[Kjoint0_position_publisher[m[K->publish(message);
      |     [01;31m[K^~~~~~~~~~~~~~~~~~~~~~~~~[m[K
      |     [32m[Kjoint0_velocity_publisher[m[K
[01m[K/home/shipengl/LRSMT/agiletaur/src/agiletaur_controller/src/proxy/lowerproxy.cpp:65:5:[m[K [01;31m[Kerror: [m[Kâ€˜[01m[Kjoint1_position_publisher[m[Kâ€™ was not declared in this scope; did you mean â€˜[01m[Kjoint1_velocity_publisher[m[Kâ€™?
   65 |     [01;31m[Kjoint1_position_publisher[m[K->publish(message);
      |     [01;31m[K^~~~~~~~~~~~~~~~~~~~~~~~~[m[K
      |     [32m[Kjoint1_velocity_publisher[m[K
make[2]: *** [CMakeFiles/agiletaur_controller.dir/build.make:102: CMakeFiles/agiletaur_controller.dir/src/proxy/lowerproxy.cpp.o] Error 1
make[2]: *** Waiting for unfinished jobs....
[01m[K/home/shipengl/LRSMT/agiletaur/src/agiletaur_controller/src/main.cpp:[m[K In function â€˜[01m[Kint main(int, char**)[m[Kâ€™:
[01m[K/home/shipengl/LRSMT/agiletaur/src/agiletaur_controller/src/main.cpp:23:14:[m[K [01;35m[Kwarning: [m[Kunused variable â€˜[01m[KUpper_proxy_[m[Kâ€™ [[01;35m[K-Wunused-variable[m[K]
   23 |  upperproxy &[01;35m[KUpper_proxy_[m[K = upperproxy::GetUpperProxy();
      |              [01;35m[K^~~~~~~~~~~~[m[K
In file included from [01m[K/home/shipengl/LRSMT/agiletaur/src/agiletaur_controller/src/main.cpp:9[m[K:
[01m[K/home/shipengl/LRSMT/agiletaur/src/agiletaur_controller/include/main.h:[m[K At global scope:
[01m[K/home/shipengl/LRSMT/agiletaur/src/agiletaur_controller/include/main.h:43:14:[m[K [01;35m[Kwarning: [m[Kâ€˜[01m[Ktimer[m[Kâ€™ defined but not used [[01;35m[K-Wunused-variable[m[K]
   43 | static float [01;35m[Ktimer[m[K[10] = { 0 };
      |              [01;35m[K^~~~~[m[K
[01m[K/home/shipengl/LRSMT/agiletaur/src/agiletaur_controller/include/main.h:41:12:[m[K [01;35m[Kwarning: [m[Kâ€˜[01m[Kinit_done[m[Kâ€™ defined but not used [[01;35m[K-Wunused-variable[m[K]
   41 | static int [01;35m[Kinit_done[m[K = 0;
      |            [01;35m[K^~~~~~~~~[m[K
[01m[K/home/shipengl/LRSMT/agiletaur/src/agiletaur_controller/include/main.h:40:14:[m[K [01;35m[Kwarning: [m[Kâ€˜[01m[Kinit_cnt[m[Kâ€™ defined but not used [[01;35m[K-Wunused-variable[m[K]
   40 | static float [01;35m[Kinit_cnt[m[K = 0;
      |              [01;35m[K^~~~~~~~[m[K
make[1]: *** [CMakeFiles/Makefile2:78: CMakeFiles/agiletaur_controller.dir/all] Error 2
make: *** [Makefile:141: all] Error 2
