[0.058s] Invoking command in '/home/shipengl/LRSMT/build/agiletaur_controller': CMAKE_PREFIX_PATH=${CMAKE_PREFIX_PATH}:/opt/ros/foxy /usr/bin/cmake --build /home/shipengl/LRSMT/build/agiletaur_controller -- -j16 -l16
[0.113s] [35m[1mScanning dependencies of target agiletaur_controller[0m
[0.171s] [ 16%] [32mBuilding CXX object CMakeFiles/agiletaur_controller.dir/src/main.cpp.o[0m
[0.172s] [ 33%] [32mBuilding CXX object CMakeFiles/agiletaur_controller.dir/src/proxy/lowerproxy.cpp.o[0m
[1.762s] [01m[K/home/shipengl/LRSMT/agiletaur/src/agiletaur_controller/src/proxy/lowerproxy.cpp:[m[K In member function â€˜[01m[Kvoid agiletaur::control::lowerproxy::PublishControlCommand()[m[Kâ€™:
[1.763s] [01m[K/home/shipengl/LRSMT/agiletaur/src/agiletaur_controller/src/proxy/lowerproxy.cpp:64:5:[m[K [01;31m[Kerror: [m[Kâ€˜[01m[Klow_publisher_[m[Kâ€™ was not declared in this scope; did you mean â€˜[01m[Krmw_publisher_t[m[Kâ€™?
[1.763s]    64 |     [01;31m[Klow_publisher_[m[K->publish(message);
[1.763s]       |     [01;31m[K^~~~~~~~~~~~~~[m[K
[1.763s]       |     [32m[Krmw_publisher_t[m[K
[2.579s] make[2]: *** [CMakeFiles/agiletaur_controller.dir/build.make:102: CMakeFiles/agiletaur_controller.dir/src/proxy/lowerproxy.cpp.o] Error 1
[2.579s] make[2]: *** Waiting for unfinished jobs....
[2.836s] In file included from [01m[K/home/shipengl/LRSMT/agiletaur/src/agiletaur_controller/src/main.cpp:9[m[K:
[2.836s] [01m[K/home/shipengl/LRSMT/agiletaur/src/agiletaur_controller/include/main.h:43:14:[m[K [01;35m[Kwarning: [m[Kâ€˜[01m[Ktimer[m[Kâ€™ defined but not used [[01;35m[K-Wunused-variable[m[K]
[2.837s]    43 | static float [01;35m[Ktimer[m[K[10] = { 0 };
[2.837s]       |              [01;35m[K^~~~~[m[K
[2.837s] [01m[K/home/shipengl/LRSMT/agiletaur/src/agiletaur_controller/include/main.h:41:12:[m[K [01;35m[Kwarning: [m[Kâ€˜[01m[Kinit_done[m[Kâ€™ defined but not used [[01;35m[K-Wunused-variable[m[K]
[2.837s]    41 | static int [01;35m[Kinit_done[m[K = 0;
[2.837s]       |            [01;35m[K^~~~~~~~~[m[K
[2.837s] [01m[K/home/shipengl/LRSMT/agiletaur/src/agiletaur_controller/include/main.h:40:14:[m[K [01;35m[Kwarning: [m[Kâ€˜[01m[Kinit_cnt[m[Kâ€™ defined but not used [[01;35m[K-Wunused-variable[m[K]
[2.837s]    40 | static float [01;35m[Kinit_cnt[m[K = 0;
[2.837s]       |              [01;35m[K^~~~~~~~[m[K
[2.892s] make[1]: *** [CMakeFiles/Makefile2:78: CMakeFiles/agiletaur_controller.dir/all] Error 2
[2.892s] make: *** [Makefile:141: all] Error 2
[2.894s] Invoked command in '/home/shipengl/LRSMT/build/agiletaur_controller' returned '2': CMAKE_PREFIX_PATH=${CMAKE_PREFIX_PATH}:/opt/ros/foxy /usr/bin/cmake --build /home/shipengl/LRSMT/build/agiletaur_controller -- -j16 -l16
